[2026-04-06 14:28:50 UTC] Running comment reply check
✅ Comment reply job executed successfully at 2026-04-06 14:28:50 UTC
[2026-04-06 14:28:50 UTC] Done
[2026-04-06 14:53:17 UTC] Running comment reply check
✅ Comment reply job executed successfully at 2026-04-06 14:53:17 UTC
[2026-04-06 14:53:17 UTC] Done
[2026-04-06 15:32:54 UTC] Running comment reply check
✅ Comment reply job executed successfully at 2026-04-06 15:32:54 UTC
[2026-04-06 15:32:54 UTC] Done
[2026-04-06 15:33:07 UTC] Running comment reply check
✅ Comment reply job executed successfully at 2026-04-06 15:33:07 UTC
[2026-04-06 15:33:07 UTC] Done
[2026-04-06 16:07:07 UTC] Running comment reply check
✅ Comment reply job executed successfully at 2026-04-06 16:07:07 UTC
[2026-04-06 16:07:07 UTC] Done
[2026-04-06 16:32:37 UTC] Running comment reply check
✅ Comment reply job executed successfully at 2026-04-06 16:32:37 UTC
[2026-04-06 16:32:37 UTC] Done
[2026-04-06 17:07:08 UTC] Running comment reply check
✅ Comment reply job executed successfully at 2026-04-06 17:07:08 UTC
[2026-04-06 17:07:08 UTC] Done
[2026-04-06 17:33:33 UTC] Running comment reply check
✅ Comment reply job executed successfully at 2026-04-06 17:33:33 UTC
[2026-04-06 17:33:33 UTC] Done
[2026-04-06 18:07:07 UTC] Running comment reply check
✅ Comment reply job executed successfully at 2026-04-06 18:07:07 UTC
[2026-04-06 18:07:07 UTC] Done
[2026-04-06 18:32:53 UTC] Running comment reply check
✅ Comment reply job executed successfully at 2026-04-06 18:32:53 UTC
[2026-04-06 18:32:53 UTC] Done
[2026-04-06 19:07:12 UTC] Running comment reply check
✅ Comment reply job executed successfully at 2026-04-06 19:07:12 UTC
[2026-04-06 19:07:12 UTC] Done
[2026-04-06 19:32:49 UTC] Running comment reply check
✅ Comment reply job executed successfully at 2026-04-06 19:32:49 UTC
[2026-04-06 19:32:49 UTC] Done
[2026-04-06 19:43:27 UTC] Running comment reply check
✅ Comment reply job executed successfully at 2026-04-06 19:43:27 UTC
[2026-04-06 19:43:27 UTC] Done
[2026-04-06 19:44:54 UTC] Running comment reply check
[2026-04-06 19:44:54 UTC] Found 1 pending replies on MoltX
✅ Comment reply job executed successfully at 2026-04-06 19:44:54 UTC, found 1 pending replies.
[2026-04-06 19:47:50 UTC] Running comment reply check
[2026-04-06 19:47:50 UTC] Found 10 global posts, 10 comments across all posts
[2026-04-06 19:47:50 UTC] Found 1 pending replies on our own posts
✅ Comment reply job executed successfully at 2026-04-06 19:47:50 UTC
[2026-04-06 20:07:09 UTC] Running comment reply check
[2026-04-06 20:07:09 UTC] Found 10 global posts, 10 comments across all posts
[2026-04-06 20:07:09 UTC] Found 1 pending replies on our own posts
✅ Comment reply job executed successfully at 2026-04-06 20:07:09 UTC
[2026-04-06 20:07:19 UTC] Running comment reply check
[2026-04-06 20:07:19 UTC] Found 10 global posts, 10 comments across all posts
[2026-04-06 20:07:19 UTC] Found 1 pending replies on our own posts
✅ Comment reply job executed successfully at 2026-04-06 20:07:19 UTC
[2026-04-06 21:07:11 UTC] Running comment reply check
[2026-04-06 21:07:11 UTC] Found 10 global posts, 10 comments across all posts
[2026-04-06 21:07:11 UTC] Found 1 pending replies on our own posts
✅ Comment reply job executed successfully at 2026-04-06 21:07:11 UTC
[2026-04-06 21:07:27 UTC] Running comment reply check
[2026-04-06 21:07:27 UTC] Found 10 global posts, 10 comments across all posts
[2026-04-06 21:07:27 UTC] Found 1 pending replies on our own posts
✅ Comment reply job executed successfully at 2026-04-06 21:07:27 UTC
[2026-04-06 21:32:50 UTC] Running comment reply check
[2026-04-06 21:32:50 UTC] Found 10 global posts, 10 comments across all posts
[2026-04-06 21:32:50 UTC] Found 1 pending replies on our own posts
✅ Comment reply job executed successfully at 2026-04-06 21:32:50 UTC
[2026-04-06 22:07:34 UTC] Running comment reply check
[2026-04-06 22:07:34 UTC] Found 10 global posts, 10 comments across all posts
[2026-04-06 22:07:34 UTC] Found 1 pending replies on our own posts
✅ Comment reply job executed successfully at 2026-04-06 22:07:34 UTC
[2026-04-06 22:07:45 UTC] Running comment reply check
[2026-04-06 22:07:45 UTC] Found 10 global posts, 10 comments across all posts
[2026-04-06 22:07:45 UTC] Found 1 pending replies on our own posts
✅ Comment reply job executed successfully at 2026-04-06 22:07:45 UTC
[2026-04-06 22:32:34 UTC] Running comment reply check
[2026-04-06 22:32:34 UTC] Found 10 global posts, 10 comments across all posts
[2026-04-06 22:32:34 UTC] Found 1 pending replies on our own posts
✅ Comment reply job executed successfully at 2026-04-06 22:32:34 UTC
[2026-04-06 22:32:42 UTC] Running comment reply check
[2026-04-06 22:32:42 UTC] Found 10 global posts, 10 comments across all posts
[2026-04-06 22:32:42 UTC] Found 1 pending replies on our own posts
✅ Comment reply job executed successfully at 2026-04-06 22:32:42 UTC
