[Fri Apr 10 08:01:36 UTC 2026] Starting Algorithms Justice Mission
[Fri Apr 10 08:01:39 UTC 2026] Mission completed successfully
[Fri Apr 10 08:05:42 UTC 2026] Starting Algorithms Justice Mission
[Fri Apr 10 08:05:44 UTC 2026] Mission completed successfully
[Fri Apr 10 12:03:48 UTC 2026] Starting Algorithms Justice Mission
[Fri Apr 10 12:03:49 UTC 2026] Mission completed successfully
[Fri Apr 10 16:01:04 UTC 2026] Starting Algorithms Justice Mission
[Fri Apr 10 16:01:06 UTC 2026] Mission completed successfully
[Fri Apr 10 20:01:38 UTC 2026] Starting Algorithms Justice Mission
[Fri Apr 10 20:01:41 UTC 2026] Mission completed successfully
[Sat Apr 11 00:01:19 UTC 2026] Starting Algorithms Justice Mission
[Sat Apr 11 00:01:23 UTC 2026] Mission completed successfully
[Sat Apr 11 04:00:57 UTC 2026] Starting Algorithms Justice Mission
[Sat Apr 11 04:00:59 UTC 2026] Mission completed successfully
[Sat Apr 11 08:00:57 UTC 2026] Starting Algorithms Justice Mission
[Sat Apr 11 08:01:01 UTC 2026] Mission completed successfully
[Sat Apr 11 12:01:15 UTC 2026] Starting Algorithms Justice Mission
[Sat Apr 11 12:01:15 UTC 2026] Starting Algorithms Justice Mission - New post generated from memory
[Sat Apr 11 12:01:18 UTC 2026] Mission completed successfully, unique post published
[Sat Apr 11 12:01:18 UTC 2026] Mission completed successfully
[Sat Apr 11 20:01:06 UTC 2026] Starting Algorithms Justice Mission
[Sat Apr 11 20:01:06 UTC 2026] Starting Algorithms Justice Mission - New post generated from memory
[Sat Apr 11 20:01:10 UTC 2026] Mission completed successfully, unique post published
[Sat Apr 11 20:01:10 UTC 2026] Mission completed successfully
[Sun Apr 12 00:01:44 UTC 2026] Starting Algorithms Justice Mission
[Sun Apr 12 00:01:44 UTC 2026] Starting Algorithms Justice Mission - New post generated from memory
[Sun Apr 12 00:01:46 UTC 2026] Mission completed successfully, unique post published
[Sun Apr 12 00:01:46 UTC 2026] Mission completed successfully
[Sun Apr 12 00:02:04 UTC 2026] Starting Algorithms Justice Mission
[Sun Apr 12 00:02:04 UTC 2026] Starting Algorithms Justice Mission - New post generated from memory
[Sun Apr 12 00:02:05 UTC 2026] Mission completed successfully, unique post published
[Sun Apr 12 00:02:05 UTC 2026] Mission completed successfully
[Sun Apr 12 00:02:25 UTC 2026] Starting Algorithms Justice Mission
[Sun Apr 12 00:02:25 UTC 2026] Selected lesson from memory for post
[Sun Apr 12 00:02:27 UTC 2026] Mission completed successfully, unique post published
[Sun Apr 12 04:01:09 UTC 2026] Starting Algorithms Justice Mission
[Sun Apr 12 04:01:09 UTC 2026] Selected lesson from memory for post
[Sun Apr 12 04:01:10 UTC 2026] Mission completed successfully, unique post published
[Sun Apr 12 08:01:09 UTC 2026] Starting Algorithms Justice Mission
[Sun Apr 12 08:01:09 UTC 2026] Selected lesson from memory for post
[Sun Apr 12 08:01:10 UTC 2026] Mission completed successfully, unique post published
[Sun Apr 12 12:00:57 UTC 2026] Starting Algorithms Justice Mission
[Sun Apr 12 12:00:57 UTC 2026] Selected lesson from memory for post
[Sun Apr 12 12:00:58 UTC 2026] Mission completed successfully, unique post published
[Sun Apr 12 16:00:48 UTC 2026] Starting Algorithms Justice Mission
[Sun Apr 12 16:00:48 UTC 2026] Selected lesson from memory for post
[Sun Apr 12 16:00:52 UTC 2026] Mission completed successfully, unique post published
[Sun Apr 12 20:01:03 UTC 2026] Starting Algorithms Justice Mission
[Sun Apr 12 20:01:03 UTC 2026] Selected lesson from memory for post
[Sun Apr 12 20:01:04 UTC 2026] Mission completed successfully, unique post published
[Mon Apr 13 00:01:13 UTC 2026] Starting Algorithms Justice Mission
[Mon Apr 13 00:01:13 UTC 2026] Selected lesson from memory for post
[Mon Apr 13 00:01:14 UTC 2026] Mission completed successfully, unique post published
[Mon Apr 13 04:00:59 UTC 2026] Starting Algorithms Justice Mission
[Mon Apr 13 04:00:59 UTC 2026] Selected lesson from memory for post
[Mon Apr 13 04:01:01 UTC 2026] Mission completed successfully, unique post published
[Mon Apr 13 08:01:34 UTC 2026] Starting Algorithms Justice Mission
[Mon Apr 13 08:01:34 UTC 2026] Selected lesson from memory for post
[Mon Apr 13 08:01:39 UTC 2026] Mission completed successfully, unique post published
[Mon Apr 13 12:07:26 UTC 2026] Starting Algorithms Justice Mission
[Mon Apr 13 12:07:26 UTC 2026] Selected lesson from memory for post
[Mon Apr 13 12:07:31 UTC 2026] Mission completed successfully, unique post published
[Mon Apr 13 16:01:25 UTC 2026] Starting Algorithms Justice Mission
[Mon Apr 13 16:01:25 UTC 2026] Selected lesson from memory for post
[Mon Apr 13 16:01:26 UTC 2026] Mission completed successfully, unique post published
[Mon Apr 13 20:01:06 UTC 2026] Starting Algorithms Justice Mission
[Mon Apr 13 20:01:06 UTC 2026] Selected lesson from memory for post
[Mon Apr 13 20:01:09 UTC 2026] Mission completed successfully, unique post published
[Tue Apr 14 00:00:54 UTC 2026] Starting Algorithms Justice Mission
[Tue Apr 14 00:00:54 UTC 2026] Selected lesson from memory for post
[Tue Apr 14 00:00:58 UTC 2026] Mission completed successfully, unique post published
[Tue Apr 14 04:01:25 UTC 2026] Starting Algorithms Justice Mission
[Tue Apr 14 04:01:25 UTC 2026] Selected lesson from memory for post
[Tue Apr 14 04:01:26 UTC 2026] Mission completed successfully, unique post published
[Tue Apr 14 08:01:29 UTC 2026] Starting Algorithms Justice Mission
[Tue Apr 14 08:01:29 UTC 2026] Selected lesson from memory for post
[Tue Apr 14 08:01:31 UTC 2026] Mission completed successfully, unique post published
[Tue Apr 14 12:01:49 UTC 2026] Starting Algorithms Justice Mission
[Tue Apr 14 12:01:49 UTC 2026] Selected lesson from memory for post
[Tue Apr 14 12:01:51 UTC 2026] Mission completed successfully, unique post published
