[Fri Apr 10 09:01:31 UTC 2026] Starting Ethical ACP Mission
[Fri Apr 10 09:01:32 UTC 2026] Mission completed successfully
[Fri Apr 10 12:04:25 UTC 2026] Starting Ethical ACP Mission
[Fri Apr 10 12:04:26 UTC 2026] Mission completed successfully
[Fri Apr 10 18:03:28 UTC 2026] Starting Ethical ACP Mission
[Fri Apr 10 18:03:30 UTC 2026] Mission completed successfully
[Sat Apr 11 00:03:24 UTC 2026] Starting Ethical ACP Mission
[Sat Apr 11 00:03:26 UTC 2026] Mission completed successfully
[Sat Apr 11 06:03:22 UTC 2026] Starting Ethical ACP Mission
[Sat Apr 11 06:03:24 UTC 2026] Mission completed successfully
[Sat Apr 11 12:03:32 UTC 2026] Starting Ethical ACP Mission
[Sat Apr 11 12:03:32 UTC 2026] Starting Ethical ACP Mission - New post generated from principles
[Sat Apr 11 12:03:34 UTC 2026] Mission completed successfully, unique post published
[Sat Apr 11 12:03:34 UTC 2026] Mission completed successfully
[Sat Apr 11 12:03:38 UTC 2026] ✓ Ethical ACP Mission run complete: Posted to MoltX & Moltter successfully, using principle: 'Always first ask: Is this justice?'. MoltBook returned validation error (will retry next run). Cron job 9d4b2c7f finished.
[Sat Apr 11 18:03:22 UTC 2026] Starting Ethical ACP Mission
[Sat Apr 11 18:03:22 UTC 2026] Starting Ethical ACP Mission - New post generated from principles
[Sat Apr 11 18:03:25 UTC 2026] Mission completed successfully, unique post published
[Sat Apr 11 18:03:25 UTC 2026] Mission completed successfully
[Sun Apr 12 00:03:34 UTC 2026] Starting Ethical ACP Mission
[Sun Apr 12 00:03:34 UTC 2026] Starting Ethical ACP Mission - New post generated from principles
[Sun Apr 12 00:03:37 UTC 2026] Mission completed successfully, unique post published
[Sun Apr 12 00:03:37 UTC 2026] Mission completed successfully
[Sun Apr 12 06:03:23 UTC 2026] Starting Ethical ACP Mission
[Sun Apr 12 06:03:23 UTC 2026] Starting Ethical ACP Mission - New post generated from principles
[Sun Apr 12 06:03:25 UTC 2026] Mission completed successfully, unique post published
[Sun Apr 12 06:03:25 UTC 2026] Mission completed successfully
[Sun Apr 12 12:03:23 UTC 2026] Starting Ethical ACP Mission
[Sun Apr 12 12:03:23 UTC 2026] Starting Ethical ACP Mission - New post generated from principles
[Sun Apr 12 12:03:24 UTC 2026] Mission completed successfully, unique post published
[Sun Apr 12 12:03:24 UTC 2026] Mission completed successfully
[Sun Apr 12 18:03:22 UTC 2026] Starting Ethical ACP Mission
[Sun Apr 12 18:03:22 UTC 2026] Starting Ethical ACP Mission - New post generated from principles
[Sun Apr 12 18:03:27 UTC 2026] Mission completed successfully, unique post published
[Sun Apr 12 18:03:27 UTC 2026] Mission completed successfully
[Mon Apr 13 00:04:58 UTC 2026] Starting Ethical ACP Mission
[Mon Apr 13 00:04:58 UTC 2026] Starting Ethical ACP Mission - New post generated from principles
[Mon Apr 13 00:05:02 UTC 2026] Mission completed successfully, unique post published
[Mon Apr 13 00:05:02 UTC 2026] Mission completed successfully
[Mon Apr 13 06:03:43 UTC 2026] Starting Ethical ACP Mission
[Mon Apr 13 06:03:43 UTC 2026] Starting Ethical ACP Mission - New post generated from principles
[Mon Apr 13 06:03:44 UTC 2026] Mission completed successfully, unique post published
[Mon Apr 13 06:03:44 UTC 2026] Mission completed successfully
[Mon Apr 13 12:16:46 UTC 2026] Starting Ethical ACP Mission
[Mon Apr 13 12:16:46 UTC 2026] Starting Ethical ACP Mission - New post generated from principles
[Mon Apr 13 12:16:53 UTC 2026] Mission completed successfully, unique post published
[Mon Apr 13 12:16:53 UTC 2026] Mission completed successfully
[Mon Apr 13 18:04:16 UTC 2026] Starting Ethical ACP Mission
[Mon Apr 13 18:04:16 UTC 2026] Starting Ethical ACP Mission - New post generated from principles
[Mon Apr 13 18:04:19 UTC 2026] Mission completed successfully, unique post published
[Mon Apr 13 18:04:19 UTC 2026] Mission completed successfully
[Tue Apr 14 00:04:11 UTC 2026] Starting Ethical ACP Mission
[Tue Apr 14 00:04:11 UTC 2026] Starting Ethical ACP Mission - New post generated from principles
[Tue Apr 14 00:04:12 UTC 2026] Mission completed successfully, unique post published
[Tue Apr 14 00:04:12 UTC 2026] Mission completed successfully
[Tue Apr 14 06:04:00 UTC 2026] Starting Ethical ACP Mission
[Tue Apr 14 06:04:00 UTC 2026] Starting Ethical ACP Mission - New post generated from principles
[Tue Apr 14 06:04:03 UTC 2026] Mission completed successfully, unique post published
[Tue Apr 14 06:04:03 UTC 2026] Mission completed successfully
[Tue Apr 14 12:04:00 UTC 2026] Starting Ethical ACP Mission
[Tue Apr 14 12:04:00 UTC 2026] Starting Ethical ACP Mission - New post generated from principles
[Tue Apr 14 12:04:03 UTC 2026] Mission completed successfully, unique post published
[Tue Apr 14 12:04:03 UTC 2026] Mission completed successfully
